<?xml version="1.0" encoding="UTF-8"?>
<!-- Generated by org.testng.reporters.JUnitXMLReporter -->
<testsuite ignored="4" hostname="DESKTOP-FD4QRKI" failures="0" tests="3" name="firefox1" time="129.601" errors="0" timestamp="2022-05-20T16:06:39 IST">
  <testcase classname="com.vtiger.campaignTest.CreateCampaignWithProductTest" name="createCampaignWithProductTest" time="34.545"/>
  <testcase classname="com.vtiger.organizationTest.CreateOraganizationTest" name="createOraganizationTest" time="15.374"/>
  <testcase classname="com.vtiger.organizationTest.OrganizationWithIndustryAndPressTest" name="organizationWithIndustryAndPressTest" time="10.393"/>
  <testcase classname="com.sdet34l1.genericUtlity.BaseClass" name="@BeforeSuite beforeSuite" time="0.0">
    <ignored/>
  </testcase> <!-- @BeforeSuite beforeSuite -->
  <testcase classname="com.sdet34l1.genericUtlity.BaseClass" name="@BeforeSuite beforeSuite" time="0.0">
    <ignored/>
  </testcase> <!-- @BeforeSuite beforeSuite -->
  <testcase classname="com.sdet34l1.genericUtlity.BaseClass" name="@AfterSuite afterSuiteTest" time="0.0">
    <ignored/>
  </testcase> <!-- @AfterSuite afterSuiteTest -->
  <testcase classname="com.sdet34l1.genericUtlity.BaseClass" name="@AfterSuite afterSuiteTest" time="0.0">
    <ignored/>
  </testcase> <!-- @AfterSuite afterSuiteTest -->
</testsuite> <!-- firefox1 -->
