<?xml version="1.0" encoding="UTF-8"?>
<!-- Generated by org.testng.reporters.JUnitXMLReporter -->
<testsuite ignored="2" hostname="DESKTOP-FD4QRKI" failures="0" tests="2" name="firefox2" time="103.791" errors="0" timestamp="2022-05-20T16:06:13 IST">
  <testcase classname="com.vtiger.contactsTest.CreateContantWithOrganizationTest" name="createContantWithOrganizationTest" time="34.404"/>
  <testcase classname="com.LeadModule.TC_51_to_TC_55.TC_53_SearchLeadByClickingOnFaxTest" name="tC_53_SearchLeadByClickingOnFaxTest" time="9.289"/>
  <testcase classname="com.sdet34l1.genericUtlity.BaseClass" name="@BeforeSuite beforeSuite" time="0.0">
    <ignored/>
  </testcase> <!-- @BeforeSuite beforeSuite -->
  <testcase classname="com.sdet34l1.genericUtlity.BaseClass" name="@AfterSuite afterSuiteTest" time="0.0">
    <ignored/>
  </testcase> <!-- @AfterSuite afterSuiteTest -->
</testsuite> <!-- firefox2 -->
