<?xml version="1.0" encoding="UTF-8"?>
<testng-results ignored="0" total="1" passed="1" failed="0" skipped="0">
  <reporter-output>
  </reporter-output>
  <suite started-at="2022-05-24T15:41:22 IST" name="Suite" finished-at="2022-05-24T15:44:27 IST" duration-ms="184546">
    <groups>
      <group name="sanity">
        <method signature="CreateCampaignTest.createCampaignTest()[pri:0, instance:com.vtiger.campaignTest.CreateCampaignTest@256a1825]" name="createCampaignTest" class="com.vtiger.campaignTest.CreateCampaignTest"/>
      </group> <!-- sanity -->
    </groups>
    <test started-at="2022-05-24T15:41:22 IST" name="Test" finished-at="2022-05-24T15:44:27 IST" duration-ms="184546">
      <class name="com.vtiger.campaignTest.CreateCampaignTest">
        <test-method is-config="true" signature="beforeSuite()[pri:0, instance:com.vtiger.campaignTest.CreateCampaignTest@256a1825]" started-at="2022-05-24T15:41:17 IST" name="beforeSuite" finished-at="2022-05-24T15:41:22 IST" duration-ms="5030" status="PASS">
          <reporter-output>
          </reporter-output>
        </test-method> <!-- beforeSuite -->
        <test-method is-config="true" signature="beforeClassTest(java.lang.String)[pri:0, instance:com.vtiger.campaignTest.CreateCampaignTest@256a1825]" started-at="2022-05-24T15:41:24 IST" name="beforeClassTest" finished-at="2022-05-24T15:42:52 IST" duration-ms="88511" status="PASS">
          <params>
            <param index="0">
              <value>
                <![CDATA[chrome]]>
              </value>
            </param>
          </params>
          <reporter-output>
          </reporter-output>
        </test-method> <!-- beforeClassTest -->
        <test-method is-config="true" signature="beforeMethodTest()[pri:0, instance:com.vtiger.campaignTest.CreateCampaignTest@256a1825]" started-at="2022-05-24T15:42:52 IST" name="beforeMethodTest" finished-at="2022-05-24T15:43:16 IST" duration-ms="24200" status="PASS">
          <reporter-output>
          </reporter-output>
        </test-method> <!-- beforeMethodTest -->
        <test-method signature="createCampaignTest()[pri:0, instance:com.vtiger.campaignTest.CreateCampaignTest@256a1825]" started-at="2022-05-24T15:43:17 IST" name="createCampaignTest" finished-at="2022-05-24T15:44:13 IST" duration-ms="56314" status="PASS">
          <reporter-output>
          </reporter-output>
        </test-method> <!-- createCampaignTest -->
        <test-method is-config="true" signature="afterMethodTest()[pri:0, instance:com.vtiger.campaignTest.CreateCampaignTest@256a1825]" started-at="2022-05-24T15:44:13 IST" name="afterMethodTest" finished-at="2022-05-24T15:44:20 IST" duration-ms="6921" status="PASS">
          <reporter-output>
          </reporter-output>
        </test-method> <!-- afterMethodTest -->
        <test-method is-config="true" signature="afterClassTest()[pri:0, instance:com.vtiger.campaignTest.CreateCampaignTest@256a1825]" started-at="2022-05-24T15:44:20 IST" name="afterClassTest" finished-at="2022-05-24T15:44:27 IST" duration-ms="6801" status="PASS">
          <reporter-output>
          </reporter-output>
        </test-method> <!-- afterClassTest -->
        <test-method is-config="true" signature="afterSuiteTest()[pri:0, instance:com.vtiger.campaignTest.CreateCampaignTest@256a1825]" started-at="2022-05-24T15:44:28 IST" name="afterSuiteTest" finished-at="2022-05-24T15:44:29 IST" duration-ms="1365" status="PASS">
          <reporter-output>
          </reporter-output>
        </test-method> <!-- afterSuiteTest -->
      </class> <!-- com.vtiger.campaignTest.CreateCampaignTest -->
    </test> <!-- Test -->
  </suite> <!-- Suite -->
</testng-results>
