<?xml version="1.0" encoding="UTF-8"?>
<testng-results ignored="0" total="1" passed="1" failed="0" skipped="0">
  <reporter-output>
  </reporter-output>
  <suite started-at="2022-10-03T14:42:11 IST" name="Suite" finished-at="2022-10-03T14:42:35 IST" duration-ms="24249">
    <groups>
    </groups>
    <test started-at="2022-10-03T14:42:11 IST" name="Test" finished-at="2022-10-03T14:42:35 IST" duration-ms="24249">
      <class name="com.tyss.demo.testScript.CreateNewCustomerTest">
        <test-method is-config="true" signature="beforeSuite()[pri:0, instance:com.tyss.demo.testScript.CreateNewCustomerTest@62e6b5c8]" started-at="2022-10-03T14:42:09 IST" name="beforeSuite" finished-at="2022-10-03T14:42:11 IST" duration-ms="1603" status="PASS">
          <reporter-output>
          </reporter-output>
        </test-method> <!-- beforeSuite -->
        <test-method is-config="true" signature="beforeClassTest()[pri:0, instance:com.tyss.demo.testScript.CreateNewCustomerTest@62e6b5c8]" started-at="2022-10-03T14:42:11 IST" name="beforeClassTest" finished-at="2022-10-03T14:42:23 IST" duration-ms="11608" status="PASS">
          <reporter-output>
          </reporter-output>
        </test-method> <!-- beforeClassTest -->
        <test-method is-config="true" signature="beforeMethodTest()[pri:0, instance:com.tyss.demo.testScript.CreateNewCustomerTest@62e6b5c8]" started-at="2022-10-03T14:42:23 IST" name="beforeMethodTest" finished-at="2022-10-03T14:42:24 IST" duration-ms="577" status="PASS">
          <reporter-output>
          </reporter-output>
        </test-method> <!-- beforeMethodTest -->
        <test-method signature="createNewCustomerTest()[pri:0, instance:com.tyss.demo.testScript.CreateNewCustomerTest@62e6b5c8]" started-at="2022-10-03T14:42:24 IST" name="createNewCustomerTest" finished-at="2022-10-03T14:42:33 IST" duration-ms="9307" status="PASS">
          <reporter-output>
          </reporter-output>
        </test-method> <!-- createNewCustomerTest -->
        <test-method is-config="true" signature="afterMethodTest()[pri:0, instance:com.tyss.demo.testScript.CreateNewCustomerTest@62e6b5c8]" started-at="2022-10-03T14:42:33 IST" name="afterMethodTest" finished-at="2022-10-03T14:42:34 IST" duration-ms="1554" status="PASS">
          <reporter-output>
          </reporter-output>
        </test-method> <!-- afterMethodTest -->
        <test-method is-config="true" signature="afterClassTest()[pri:0, instance:com.tyss.demo.testScript.CreateNewCustomerTest@62e6b5c8]" started-at="2022-10-03T14:42:34 IST" name="afterClassTest" finished-at="2022-10-03T14:42:35 IST" duration-ms="584" status="PASS">
          <reporter-output>
          </reporter-output>
        </test-method> <!-- afterClassTest -->
        <test-method is-config="true" signature="afterSuiteTest()[pri:0, instance:com.tyss.demo.testScript.CreateNewCustomerTest@62e6b5c8]" started-at="2022-10-03T14:42:36 IST" name="afterSuiteTest" finished-at="2022-10-03T14:42:36 IST" duration-ms="244" status="PASS">
          <reporter-output>
          </reporter-output>
        </test-method> <!-- afterSuiteTest -->
      </class> <!-- com.tyss.demo.testScript.CreateNewCustomerTest -->
    </test> <!-- Test -->
  </suite> <!-- Suite -->
</testng-results>
