<?xml version="1.0" encoding="UTF-8"?>
<!-- Generated by org.testng.reporters.JUnitReportReporter -->
<testsuite hostname="DESKTOP-FD4QRKI" failures="0" tests="1" name="com.LeadModule.TC_51_to_TC_55.TC_54_SearchLeadByClickingOnLeadNoTest" time="19.540" errors="0" timestamp="2022-05-20T15:56:56 IST" skipped="0">
  <testcase classname="com.LeadModule.TC_51_to_TC_55.TC_54_SearchLeadByClickingOnLeadNoTest" name="tC_54_SearchLeadByClickingOnLeadNoTest" time="19.540"/>
  <system-out/>
</testsuite> <!-- com.LeadModule.TC_51_to_TC_55.TC_54_SearchLeadByClickingOnLeadNoTest -->
