<?xml version="1.0" encoding="UTF-8"?>
<!-- Generated by org.testng.reporters.JUnitReportReporter -->
<testsuite hostname="DESKTOP-FD4QRKI" failures="0" tests="2" name="com.vtiger.practice.DemoTest" time="0.018" errors="0" timestamp="2022-05-19T16:32:34 IST" skipped="0">
  <testcase classname="com.vtiger.practice.DemoTest" name="demoTest" time="0.011"/>
  <system-out>
    <![CDATA[demoTest is running]]>
  </system-out>
  <testcase classname="com.vtiger.practice.DemoTest" name="demoTest1" time="0.007"/>
  <system-out>
    <![CDATA[demoTest1 is running]]>
  </system-out>
</testsuite> <!-- com.vtiger.practice.DemoTest -->
