<?xml version="1.0" encoding="UTF-8"?>
<!-- Generated by org.testng.reporters.JUnitReportReporter -->
<testsuite hostname="DESKTOP-FD4QRKI" failures="0" tests="2" name="com.vtiger.practice.TestDemoTest" time="0.032" errors="0" timestamp="2022-05-17T09:50:02 IST" skipped="0">
  <testcase classname="com.vtiger.practice.TestDemoTest" name="Test" time="0.024"/>
  <system-out>
    <![CDATA[Test is running]]>
  </system-out>
  <testcase classname="com.vtiger.practice.TestDemoTest" name="Test1" time="0.008"/>
  <system-out>
    <![CDATA[Test1 is running]]>
  </system-out>
</testsuite> <!-- com.vtiger.practice.TestDemoTest -->
