<?xml version="1.0" encoding="UTF-8"?>
<!-- Generated by org.testng.reporters.JUnitReportReporter -->
<testsuite hostname="DESKTOP-FD4QRKI" failures="0" tests="1" name="com.vtiger.contactsTest.CreateContantWithOrganizationTest" time="42.417" errors="0" timestamp="2022-05-20T16:06:40 IST" skipped="0">
  <testcase classname="com.vtiger.contactsTest.CreateContantWithOrganizationTest" name="createContantWithOrganizationTest" time="42.417"/>
  <system-out/>
</testsuite> <!-- com.vtiger.contactsTest.CreateContantWithOrganizationTest -->
