<?xml version="1.0" encoding="UTF-8"?>
<!-- Generated by org.testng.reporters.JUnitReportReporter -->
<testsuite hostname="DESKTOP-FD4QRKI" failures="0" tests="1" name="com.LeadModule.TC_51_to_TC_55.TC_53_SearchLeadByClickingOnFaxTest" time="16.728" errors="0" timestamp="2022-05-20T16:06:40 IST" skipped="0">
  <testcase classname="com.LeadModule.TC_51_to_TC_55.TC_53_SearchLeadByClickingOnFaxTest" name="tC_53_SearchLeadByClickingOnFaxTest" time="16.728"/>
  <system-out/>
</testsuite> <!-- com.LeadModule.TC_51_to_TC_55.TC_53_SearchLeadByClickingOnFaxTest -->
