<?xml version="1.0" encoding="UTF-8"?>
<!-- Generated by org.testng.reporters.JUnitReportReporter -->
<testsuite hostname="DESKTOP-FD4QRKI" failures="0" tests="1" name="com.vtiger.organizationTest.OrganizationWithIndustryAndPressTest" time="14.276" errors="0" timestamp="2022-05-20T16:06:40 IST" skipped="0">
  <testcase classname="com.vtiger.organizationTest.OrganizationWithIndustryAndPressTest" name="organizationWithIndustryAndPressTest" time="14.276"/>
  <system-out/>
</testsuite> <!-- com.vtiger.organizationTest.OrganizationWithIndustryAndPressTest -->
