<?xml version="1.0" encoding="UTF-8"?>
<!-- Generated by org.testng.reporters.JUnitReportReporter -->
<testsuite hostname="DESKTOP-FD4QRKI" failures="0" tests="1" name="com.LeadModule.TC_51_to_TC_55.TC_51_SearchLeadByClickingOnAnnualRevenue" time="11.307" errors="0" timestamp="2022-05-18T12:33:25 IST" skipped="0">
  <testcase classname="com.LeadModule.TC_51_to_TC_55.TC_51_SearchLeadByClickingOnAnnualRevenue" name="tC_51_SearchLeadByClickingOnAnnualRevenue" time="11.307"/>
  <system-out/>
</testsuite> <!-- com.LeadModule.TC_51_to_TC_55.TC_51_SearchLeadByClickingOnAnnualRevenue -->
