<?xml version="1.0" encoding="UTF-8"?>
<!-- Generated by org.testng.reporters.JUnitReportReporter -->
<testsuite hostname="DESKTOP-FD4QRKI" failures="0" tests="1" name="com.LeadModule.TC_51_to_TC_55.TC_55_SearchLeadByClickingOnLeadSource" time="19.836" errors="0" timestamp="2022-05-20T15:56:56 IST" skipped="0">
  <testcase classname="com.LeadModule.TC_51_to_TC_55.TC_55_SearchLeadByClickingOnLeadSource" name="tC_55_SearchLeadByClickingOnLeadSource" time="19.836"/>
  <system-out/>
</testsuite> <!-- com.LeadModule.TC_51_to_TC_55.TC_55_SearchLeadByClickingOnLeadSource -->
