<?xml version="1.0" encoding="UTF-8"?>
<!-- Generated by org.testng.reporters.JUnitReportReporter -->
<testsuite hostname="DESKTOP-FD4QRKI" failures="0" tests="20" name="com.vtiger.practice.FetchMultipleDataFromExcelTest" time="0.047" errors="0" timestamp="2022-05-18T15:47:04 IST" skipped="0">
  <testcase classname="com.vtiger.practice.FetchMultipleDataFromExcelTest" name="loignTest" time="0.003"/>
  <system-out>
    <![CDATA[admin14========================> root14]]>
  </system-out>
  <testcase classname="com.vtiger.practice.FetchMultipleDataFromExcelTest" name="loignTest" time="0.001"/>
  <system-out>
    <![CDATA[admin7========================> root7]]>
  </system-out>
  <testcase classname="com.vtiger.practice.FetchMultipleDataFromExcelTest" name="loignTest" time="0.001"/>
  <system-out>
    <![CDATA[admin4========================> root4]]>
  </system-out>
  <testcase classname="com.vtiger.practice.FetchMultipleDataFromExcelTest" name="loignTest" time="0.004"/>
  <system-out>
    <![CDATA[admin3========================> root3]]>
  </system-out>
  <testcase classname="com.vtiger.practice.FetchMultipleDataFromExcelTest" name="loignTest" time="0.001"/>
  <system-out>
    <![CDATA[admin13========================> root13]]>
  </system-out>
  <testcase classname="com.vtiger.practice.FetchMultipleDataFromExcelTest" name="loignTest" time="0.002"/>
  <system-out>
    <![CDATA[admin6========================> root6]]>
  </system-out>
  <testcase classname="com.vtiger.practice.FetchMultipleDataFromExcelTest" name="loignTest" time="0.004"/>
  <system-out>
    <![CDATA[admin16========================> root16]]>
  </system-out>
  <testcase classname="com.vtiger.practice.FetchMultipleDataFromExcelTest" name="loignTest" time="0.002"/>
  <system-out>
    <![CDATA[admin12========================> root12]]>
  </system-out>
  <testcase classname="com.vtiger.practice.FetchMultipleDataFromExcelTest" name="loignTest" time="0.002"/>
  <system-out>
    <![CDATA[admin11========================> root11]]>
  </system-out>
  <testcase classname="com.vtiger.practice.FetchMultipleDataFromExcelTest" name="loignTest" time="0.001"/>
  <system-out>
    <![CDATA[admin20========================> root20]]>
  </system-out>
  <testcase classname="com.vtiger.practice.FetchMultipleDataFromExcelTest" name="loignTest" time="0.002"/>
  <system-out>
    <![CDATA[admin19========================> root19]]>
  </system-out>
  <testcase classname="com.vtiger.practice.FetchMultipleDataFromExcelTest" name="loignTest" time="0.001"/>
  <system-out>
    <![CDATA[admin5========================> root5]]>
  </system-out>
  <testcase classname="com.vtiger.practice.FetchMultipleDataFromExcelTest" name="loignTest" time="0.001"/>
  <system-out>
    <![CDATA[admin8========================> root8]]>
  </system-out>
  <testcase classname="com.vtiger.practice.FetchMultipleDataFromExcelTest" name="loignTest" time="0.005"/>
  <system-out>
    <![CDATA[admin18========================> root18]]>
  </system-out>
  <testcase classname="com.vtiger.practice.FetchMultipleDataFromExcelTest" name="loignTest" time="0.002"/>
  <system-out>
    <![CDATA[admin========================> root]]>
  </system-out>
  <testcase classname="com.vtiger.practice.FetchMultipleDataFromExcelTest" name="loignTest" time="0.009"/>
  <system-out>
    <![CDATA[admin1========================> root1]]>
  </system-out>
  <testcase classname="com.vtiger.practice.FetchMultipleDataFromExcelTest" name="loignTest" time="0.002"/>
  <system-out>
    <![CDATA[admin15========================> root15]]>
  </system-out>
  <testcase classname="com.vtiger.practice.FetchMultipleDataFromExcelTest" name="loignTest" time="0.001"/>
  <system-out>
    <![CDATA[admin17========================> root17]]>
  </system-out>
  <testcase classname="com.vtiger.practice.FetchMultipleDataFromExcelTest" name="loignTest" time="0.002"/>
  <system-out>
    <![CDATA[admin2========================> root2]]>
  </system-out>
  <testcase classname="com.vtiger.practice.FetchMultipleDataFromExcelTest" name="loignTest" time="0.001"/>
  <system-out>
    <![CDATA[admin10========================> root10]]>
  </system-out>
</testsuite> <!-- com.vtiger.practice.FetchMultipleDataFromExcelTest -->
