<?xml version="1.0" encoding="UTF-8"?>
<!-- Generated by org.testng.reporters.JUnitReportReporter -->
<testsuite hostname="DESKTOP-FD4QRKI" failures="0" tests="2" name="com.vtiger.practice.CreateCampaignTest" time="96.116" errors="0" timestamp="2022-05-20T11:44:47 IST" skipped="0">
  <testcase classname="com.vtiger.practice.CreateCampaignTest" name="createCampaignTest" time="51.822"/>
  <system-out/>
  <testcase classname="com.vtiger.practice.CreateCampaignTest" name="createCampaignTest" time="44.294"/>
  <system-out/>
</testsuite> <!-- com.vtiger.practice.CreateCampaignTest -->
